<?xml version="1.0" encoding="UTF-8"?>
<!-- Generated by org.testng.reporters.JUnitXMLReporter -->
<testsuite ignored="0" hostname="Sourav-PC" failures="3" tests="7" name="Test" time="94.958" errors="0" timestamp="2026-01-18T00:24:44 IST">
  <testcase classname="testCases.TC001_AccountRegistrationTest" name="verify_Account_Registration" time="4.832"/>
  <testcase classname="testCases.TC002_LoginTest" name="verify_login" time="12.261">
    <failure type="java.lang.AssertionError" message="expected [true] but found [false]">
      <![CDATA[java.lang.AssertionError: expected [true] but found [false]
at testCases.TC002_LoginTest.verify_login(TC002_LoginTest.java:34)
at java.base/java.util.ArrayList.forEach(ArrayList.java:1596)
... Removed 33 stack frames]]>
    </failure>
  </testcase> <!-- verify_login -->
  <testcase classname="testCases.TC003_LoginDataDrivenTest" name="verify_LoginDataDrivenTest" time="12.743">
    <failure type="java.lang.AssertionError" message="expected [true] but found [false]">
      <![CDATA[java.lang.AssertionError: expected [true] but found [false]
at testCases.TC003_LoginDataDrivenTest.verify_LoginDataDrivenTest(TC003_LoginDataDrivenTest.java:48)
at java.base/java.util.ArrayList.forEach(ArrayList.java:1596)
... Removed 33 stack frames]]>
    </failure>
  </testcase> <!-- verify_LoginDataDrivenTest -->
  <testcase classname="testCases.TC003_LoginDataDrivenTest" name="verify_LoginDataDrivenTest" time="11.759"/>
  <testcase classname="testCases.TC003_LoginDataDrivenTest" name="verify_LoginDataDrivenTest" time="11.201"/>
  <testcase classname="testCases.TC003_LoginDataDrivenTest" name="verify_LoginDataDrivenTest" time="11.489"/>
  <testcase classname="testCases.TC003_LoginDataDrivenTest" name="verify_LoginDataDrivenTest" time="11.723">
    <failure type="java.lang.AssertionError" message="expected [true] but found [false]">
      <![CDATA[java.lang.AssertionError: expected [true] but found [false]
at testCases.TC003_LoginDataDrivenTest.verify_LoginDataDrivenTest(TC003_LoginDataDrivenTest.java:48)
at java.base/java.util.ArrayList.forEach(ArrayList.java:1596)
... Removed 33 stack frames]]>
    </failure>
  </testcase> <!-- verify_LoginDataDrivenTest -->
</testsuite> <!-- Test -->
