<?xml version="1.0" encoding="UTF-8"?>
<!-- Generated by org.testng.reporters.JUnitXMLReporter -->
<testsuite ignored="0" hostname="LAPTOP-GD23UHB3" failures="1" tests="7" name="Test" time="46.685" errors="0" timestamp="2026-01-10T21:06:52 IST">
  <testcase classname="testCases.TC001_AccountRegistrationTest" name="verify_Account_Registration" time="2.752"/>
  <testcase classname="testCases.TC002_LoginTest" name="verify_login" time="1.655"/>
  <testcase classname="testCases.TC003_LoginDataDrivenTest" name="verify_LoginDataDrivenTest" time="2.335"/>
  <testcase classname="testCases.TC003_LoginDataDrivenTest" name="verify_LoginDataDrivenTest" time="2.68">
    <failure type="java.lang.AssertionError" message="expected [true] but found [false]">
      <![CDATA[java.lang.AssertionError: expected [true] but found [false]
at testCases.TC003_LoginDataDrivenTest.verify_LoginDataDrivenTest(TC003_LoginDataDrivenTest.java:54)
at java.base/java.util.ArrayList.forEach(ArrayList.java:1604)
... Removed 33 stack frames]]>
    </failure>
  </testcase> <!-- verify_LoginDataDrivenTest -->
  <testcase classname="testCases.TC003_LoginDataDrivenTest" name="verify_LoginDataDrivenTest" time="11.472"/>
  <testcase classname="testCases.TC003_LoginDataDrivenTest" name="verify_LoginDataDrivenTest" time="11.387"/>
  <testcase classname="testCases.TC003_LoginDataDrivenTest" name="verify_LoginDataDrivenTest" time="1.813"/>
</testsuite> <!-- Test -->
