<?xml version="1.0" encoding="UTF-8"?>
<!-- Generated by org.testng.reporters.JUnitReportReporter -->
<testsuite hostname="LAPTOP-GD23UHB3" failures="0" tests="2" name="testCases.TC001_AccountRegistrationTest" time="5.560" errors="0" timestamp="2026-01-07T00:18:33 IST" skipped="0">
  <testcase classname="testCases.TC001_AccountRegistrationTest" name="verify_Account_Registration" time="2.791"/>
  <testcase classname="testCases.TC001_AccountRegistrationTest" name="verify_Account_Registration" time="2.769"/>
</testsuite> <!-- testCases.TC001_AccountRegistrationTest -->
